[2013/12/10 火曜日 13:30:36] DAC_管世明: 什么是潮流
[2013/12/10 火曜日 13:30:44] DAC-孫博: 对哈 下回带个鸡蛋去
[2013/12/10 火曜日 13:30:59] DAC-李海礁: 不让带吃的啊
[2013/12/10 火曜日 13:31:19] DAC-孫博: 半岛 不太管
[2013/12/10 火曜日 13:31:20] Felix Sun: 啊？
[2013/12/10 火曜日 13:31:46] Felix Sun: 汗蒸里边有吃的吗？
[2013/12/10 火曜日 13:32:04] DAC-孫博: 其实没有 哈哈
[2013/12/10 火曜日 13:32:07] DAC-李海礁: 有卖的
[2013/12/10 火曜日 13:32:51] DAC-李海礁: 香洲的西瓜 我一直没敢买 以为很贵呢
[2013/12/10 火曜日 13:33:12] DAC-李海礁: 10块钱就能买一盘
[2013/12/10 火曜日 13:34:06] DAC-孫博: (whew)
[2013/12/10 火曜日 13:37:44] DAC-瀋華: 博姨不给算了  还有假日呢
[2013/12/10 火曜日 13:38:05] DAC_管世明: soso
[2013/12/10 火曜日 13:42:55] Felix Sun: 原来洗澡已经成了现在最流行的休闲方式
[2013/12/10 火曜日 13:46:23] DAC-杜碩: 我刚才要给管哥两张 被他断然拒绝了啊
[2013/12/10 火曜日 13:46:38] Felix Sun: 管这么正直的人
[2013/12/10 火曜日 13:46:51] Felix Sun: 是不会这么随随便便就跟你去洗澡的
[2013/12/10 火曜日 13:47:47] DAC-杜碩: 。。我给他两张 明显不是让他和我去啊
[2013/12/10 火曜日 13:48:16] Felix Sun: 那你可以试试给他一张
[2013/12/10 火曜日 13:48:16] DAC_管世明: 所以才拒绝你啊
[2013/12/10 火曜日 13:48:45] DAC-杜碩: 。。。。管 你这太让华哥伤心了
[2013/12/10 火曜日 13:49:05] Felix Sun: 话说华仔已经SDB了吧
[2013/12/10 火曜日 13:49:11] Felix Sun: java开心不？
[2013/12/10 火曜日 13:49:27] DAC_管世明: 还九电呢
[2013/12/10 火曜日 13:55:26] DAC-周 蛟龍: 浩哥果然是牛逼中的大牛逼啊 2分钟解决了我困扰了一个月的问题
[2013/12/10 火曜日 13:55:36] DAC_管世明: (y)
[2013/12/10 火曜日 13:56:46] Felix Sun: [2013年12月10日 火曜日 13:55] DAC-周 蛟龍: 

<<< 2分钟解决了我困扰了一个月的问题
[2013/12/10 火曜日 13:57:01] 董曉贇: caller
[2013/12/10 火曜日 13:57:06] Felix Sun: 这句话我怎么看怎么像医院广告呢
[2013/12/10 火曜日 13:58:19] Felix Sun: 看XX，找浩哥，两分钟解决您的烦恼
[2013/12/10 火曜日 16:48:49] DAC-罗浩: 看不孕不育 找浩哥呗
[2013/12/10 火曜日 16:49:24] Felix Sun: 瞪谁谁怀孕
[2013/12/10 火曜日 16:49:26] DAC_管世明: 华哥1分钟解决了困扰我一个月的问题
[2013/12/10 火曜日 16:49:29] DAC_管世明: (y)
[2013/12/10 火曜日 16:50:25] 董曉贇: 我认为，看一眼只需要1秒钟
[2013/12/10 火曜日 16:50:59] Felix Sun: 今晚有雪
[2013/12/10 火曜日 16:51:01] Felix Sun: 好浪漫
[2013/12/10 火曜日 16:51:22] Felix Sun: 浩哥居然还在上班。。
[2013/12/10 火曜日 16:51:25] DAC-杜碩: 不会明天交通又瘫痪了吧。。
[2013/12/10 火曜日 16:51:44] Felix Sun: 肯定会啊
[2013/12/10 火曜日 16:51:46] Felix Sun: 请假吧妹子
[2013/12/10 火曜日 16:51:59] DAC-杜碩: 我不想从海事走到软件园了。。。
[2013/12/10 火曜日 16:52:02] Felix Sun: 要不明天让管去接你
[2013/12/10 火曜日 16:52:09] DAC-杜碩: 上次腿疼了两天
[2013/12/10 火曜日 16:52:24] Felix Sun: 从黑石礁走到软件园还是比较近的
[2013/12/10 火曜日 16:52:38] DAC-杜碩: 。。。。
[2013/12/10 火曜日 16:53:13] Felix Sun: 据说昨晚上万达门口撞了6个
[2013/12/10 火曜日 16:53:46] Felix Sun: 晚上下班晚的同志们要小心，注意安全
[2013/12/10 火曜日 17:05:38] Felix Sun: http://news.dlxww.com/news/content/2013-12/10/content_1211393.htm
[2013/12/11 水曜日 9:24:21] Felix Sun: 天气不错
[2013/12/11 水曜日 11:31:55] DAC_管世明: [2013年12月11日 水曜日 11:30] DAC-周 蛟龍: 

<<< 在内容里 写个 sb老子看不懂
[2013/12/11 水曜日 15:27:32] Felix Sun: 同志们，软件园哪种公司会有暑期实习的工作？
[2013/12/11 水曜日 15:28:12] 王海博: 东软那种大的吧
[2013/12/11 水曜日 15:28:35] 王海博: 猜测
[2013/12/11 水曜日 15:28:43] Felix Sun: 恩
[2013/12/11 水曜日 15:29:04] Felix Sun: 也是，也就大公司实习
[2013/12/11 水曜日 15:46:55] Felix Sun: 博姨，是这周吃饭么？
[2013/12/11 水曜日 15:49:12] DAC-杜碩: 要不这周改成洗浴吧
[2013/12/11 水曜日 15:49:54] Felix Sun: 洗浴能一起洗么？
[2013/12/11 水曜日 15:50:16] DAC-杜碩: 不能。。。
[2013/12/11 水曜日 15:50:32] 王海博: 不能那去毛
[2013/12/11 水曜日 15:50:55] Felix Sun: 就是自己洗自己的？
[2013/12/11 水曜日 15:51:01] Felix Sun: 那啥时候不能洗？
[2013/12/11 水曜日 15:51:25] DAC-杜碩: 周末才有时间啊  汗蒸可以一起。。
[2013/12/11 水曜日 15:52:44] Felix Sun: 我还是比较喜欢煮的，蒸的不太适合我
[2013/12/11 水曜日 15:52:48] 王海博: 硕姐一身汗味
[2013/12/11 水曜日 15:52:59] 王海博: [2013年12月11日 水曜日 15:51] DAC-杜碩: 

<<< 汗蒸可以一起。。
[2013/12/11 水曜日 15:53:31] Felix Sun: 泡比较适合我
[2013/12/11 水曜日 15:54:10 | 已编辑 15:54:15] Felix Sun: 又到了温泉滑雪的季节
[2013/12/11 水曜日 15:54:27] Felix Sun: 不过貌似大连不太火
[2013/12/11 水曜日 16:12:43] DAC-周 蛟龍: 硕姐说她好寂寞
[2013/12/11 水曜日 16:13:11] Felix Sun: 。。。
[2013/12/11 水曜日 16:13:12] 王海博: 不要在寂寞的时候说爱我
[2013/12/11 水曜日 16:13:35] Felix Sun: 能让硕姐这么说，你们应该感到无地自容
[2013/12/11 水曜日 16:16:02] DAC-杜碩: 。。。。。。
[2013/12/11 水曜日 16:16:22] DAC-杜碩: 你妹啊  我在这边说啥你都能听见？
[2013/12/11 水曜日 16:17:04] Felix Sun: 是不是感觉这些臭男人没有一个人懂你的心？
[2013/12/11 水曜日 16:17:50] 王海博: 这帮臭流氓 只调戏 不负责
[2013/12/11 水曜日 16:17:54] DAC-杜碩: 他故意扭曲我的意思。。
[2013/12/11 水曜日 16:18:56] Felix Sun: 这帮臭流氓
[2013/12/11 水曜日 16:19:58] DAC_管世明: 调戏还用负责？
[2013/12/11 水曜日 16:20:08] Felix Sun: 主谋出现了
[2013/12/11 水曜日 16:20:37] DAC_管世明: 。。。
[2013/12/11 水曜日 16:20:46] DAC_管世明: 我从来没调戏过硕姐
[2013/12/11 水曜日 16:21:03] Felix Sun: 那得硕姐说的算
[2013/12/11 水曜日 16:21:29] Felix Sun: 话说老宋最近没有换办公室的想法？
[2013/12/11 水曜日 16:22:10] Felix Sun: 这个号称容纳80人的办公室好像从来没坐满过啊。。
[2013/12/11 水曜日 16:30:18] 王海博: 过年整个喇叭 放鞭炮声的音乐
[2013/12/11 水曜日 16:30:50] Felix Sun: 今年过年不出意外，有人加班吧
[2013/12/11 水曜日 16:31:04] 王海博: 哪个过年
[2013/12/11 水曜日 16:31:24] Felix Sun: 春节啊
[2013/12/11 水曜日 16:31:38] DAC-周 蛟龍: 有人去日本
[2013/12/11 水曜日 16:31:40] 王海博: 早先有么
[2013/12/11 水曜日 16:31:45] DAC-周 蛟龍: 就无所谓加班不加班了
[2013/12/11 水曜日 16:31:53] Felix Sun: 有
[2013/12/11 水曜日 16:31:58] Felix Sun: 谁去日本了
[2013/12/11 水曜日 16:32:05] Felix Sun: 大华哥又去了？
[2013/12/11 水曜日 16:32:37 | 已编辑 16:33:42] Felix Sun: 日本服务业急需一剂兴奋剂
[2013/12/11 水曜日 16:33:14] DAC-周 蛟龍: 欢迎华哥来日
[2013/12/11 水曜日 16:33:48] Felix Sun: 每当我看到我的报价，我的心里都久久不能平静，原来我值这么多但是我拿这么点。。
[2013/12/12 木曜日 9:48:19] Felix Sun: 好大雪。。
[8:41:51] 王海博: http://item.taobao.com/item.htm?spm=a1z10.1.w137644-4696881883.38.Z51vg3&id=19784967264
[9:21:35] 董曉贇: 硕姐买一个吧
[9:22:54] DAC-杜碩: (:|
[9:35:15] Felix Sun: 突然觉得shell是个好东西。。